<?xml version="1.0" encoding="UTF-8"?>
<!-- Generated by org.testng.reporters.JUnitReportReporter -->
<testsuite hostname="DESKTOP-BNIOE7C" failures="0" tests="4" name="testNGTutorials.SimpleTest2" time="0.005" errors="0" timestamp="2024-03-01T14:27:50 IST" skipped="1">
  <testcase classname="testNGTutorials.SimpleTest2" name="LoginHomeLoan" time="0.001"/>
  <system-out/>
  <testcase classname="testNGTutorials.SimpleTest2" name="LoginPersonalLoan" time="0.003"/>
  <system-out/>
  <testcase classname="testNGTutorials.SimpleTest2" name="LogoutPersonalLoan" time="0.001"/>
  <system-out/>
  <testcase classname="testNGTutorials.SimpleTest2" name="LoginCarLoan">
    <skipped/>
  </testcase> <!-- LoginCarLoan -->
  <system-out/>
</testsuite> <!-- testNGTutorials.SimpleTest2 -->
