<?xml version="1.0" encoding="UTF-8"?>
<!-- Generated by org.testng.reporters.JUnitReportReporter -->
<testsuite hostname="DESKTOP-BNIOE7C" failures="0" tests="2" name="extentReport.Extent_Report_Basic_Demo_with_TestNG" time="3.440" errors="0" timestamp="2024-03-23T17:45:41 IST" skipped="0">
  <testcase classname="extentReport.Extent_Report_Basic_Demo_with_TestNG" name="test2" time="0.002"/>
  <system-out/>
  <testcase classname="extentReport.Extent_Report_Basic_Demo_with_TestNG" name="test1" time="3.438"/>
  <system-out/>
</testsuite> <!-- extentReport.Extent_Report_Basic_Demo_with_TestNG -->
