<?xml version="1.0" encoding="UTF-8"?>
<!-- Generated by org.testng.reporters.JUnitReportReporter -->
<testsuite hostname="DESKTOP-BNIOE7C" failures="0" tests="1" name="javaStreamsPrograms.MapFunction" time="0.012" errors="0" timestamp="2024-04-16T12:07:02 IST" skipped="0">
  <testcase classname="javaStreamsPrograms.MapFunction" name="StraemMap" time="0.012"/>
  <system-out/>
</testsuite> <!-- javaStreamsPrograms.MapFunction -->
