<?xml version="1.0" encoding="UTF-8"?>
<!-- Generated by org.testng.reporters.JUnitReportReporter -->
<testsuite hostname="DESKTOP-BNIOE7C" failures="0" tests="1" name="javaStreamsPrograms.CountAndPrintItemsinArray" time="0.011" errors="0" timestamp="2024-02-11T17:28:11 IST" skipped="0">
  <testcase classname="javaStreamsPrograms.CountAndPrintItemsinArray" name="StreamFilterOperation" time="0.011"/>
  <system-out/>
</testsuite> <!-- javaStreamsPrograms.CountAndPrintItemsinArray -->
