<?xml version="1.0" encoding="UTF-8"?>
<!-- Generated by org.testng.reporters.JUnitReportReporter -->
<testsuite hostname="DESKTOP-BNIOE7C" failures="0" tests="2" name="javaStreamsPrograms.MergingTwoList" time="0.016" errors="0" timestamp="2024-04-16T12:07:43 IST" skipped="0">
  <testcase classname="javaStreamsPrograms.MergingTwoList" name="StreamMergingList" time="0.005"/>
  <system-out/>
  <testcase classname="javaStreamsPrograms.MergingTwoList" name="StreamCollect" time="0.011"/>
  <system-out/>
</testsuite> <!-- javaStreamsPrograms.MergingTwoList -->
