<?xml version="1.0" encoding="UTF-8"?>
<!-- Generated by org.testng.reporters.JUnitReportReporter -->
<testsuite hostname="DESKTOP-BNIOE7C" failures="0" tests="3" name="testNGTutorials.HelperattributeDemo1" time="0.020" errors="0" timestamp="2024-03-18T18:24:43 IST" skipped="0">
  <testcase classname="testNGTutorials.HelperattributeDemo1" name="fillName" time="0.003"/>
  <system-out/>
  <testcase classname="testNGTutorials.HelperattributeDemo1" name="Registration" time="0.014"/>
  <system-out/>
  <testcase classname="testNGTutorials.HelperattributeDemo1" name="Submit" time="0.003"/>
  <system-out/>
</testsuite> <!-- testNGTutorials.HelperattributeDemo1 -->
