<?xml version="1.0" encoding="UTF-8"?>
<!-- Generated by org.testng.reporters.JUnitReportReporter -->
<testsuite hostname="DESKTOP-BNIOE7C" failures="0" tests="8" name="testNGTutorials.SimpleTest1" time="0.019" errors="0" timestamp="2024-03-01T14:27:50 IST" skipped="0">
  <testcase classname="testNGTutorials.SimpleTest1" name="PersonalLoan" time="0.000"/>
  <system-out/>
  <testcase classname="testNGTutorials.SimpleTest1" name="HomeLoanLogin" time="0.003"/>
  <system-out/>
  <testcase classname="testNGTutorials.SimpleTest1" name="RegistrationPage" time="0.002"/>
  <system-out/>
  <testcase classname="testNGTutorials.SimpleTest1" name="RegistrationPage" time="0.000"/>
  <system-out/>
  <testcase classname="testNGTutorials.SimpleTest1" name="RegistrationPage" time="0.004"/>
  <system-out/>
  <testcase classname="testNGTutorials.SimpleTest1" name="CarLoan" time="0.006"/>
  <system-out/>
  <testcase classname="testNGTutorials.SimpleTest1" name="HomeLoanLogindepartment" time="0.002"/>
  <system-out/>
  <testcase classname="testNGTutorials.SimpleTest1" name="HomeLoan" time="0.002"/>
  <system-out/>
</testsuite> <!-- testNGTutorials.SimpleTest1 -->
