<?xml version="1.0" encoding="UTF-8"?>
<!-- Generated by org.testng.reporters.JUnitReportReporter -->
<testsuite hostname="DESKTOP-BNIOE7C" failures="0" tests="1" name="oops_Concepts.InheritanceExample_Parentclass" time="0.010" errors="0" timestamp="2024-04-16T12:24:28 IST" skipped="0">
  <testcase classname="oops_Concepts.InheritanceExample_Parentclass" name="DoThis" time="0.010"/>
  <system-out/>
</testsuite> <!-- oops_Concepts.InheritanceExample_Parentclass -->
