<?xml version="1.0" encoding="UTF-8"?>
<!-- Generated by org.testng.reporters.JUnitReportReporter -->
<testsuite hostname="DESKTOP-BNIOE7C" failures="0" tests="1" name="testNGTutorials.Example1" time="0.010" errors="0" timestamp="2024-03-18T17:54:46 IST" skipped="0">
  <testcase classname="testNGTutorials.Example1" name="TC1" time="0.010"/>
  <system-out/>
</testsuite> <!-- testNGTutorials.Example1 -->
