<?xml version="1.0" encoding="UTF-8"?>
<!-- Generated by org.testng.reporters.JUnitReportReporter -->
<testsuite hostname="DESKTOP-BNIOE7C" failures="0" tests="1" name="javaStreamsPrograms.PrintUniqueNumbersUisngStream" time="0.009" errors="0" timestamp="2024-04-16T12:10:56 IST" skipped="0">
  <testcase classname="javaStreamsPrograms.PrintUniqueNumbersUisngStream" name="StraemUnique" time="0.009"/>
  <system-out/>
</testsuite> <!-- javaStreamsPrograms.PrintUniqueNumbersUisngStream -->
