<?xml version="1.0" encoding="UTF-8"?>
<!-- Generated by org.testng.reporters.JUnitReportReporter -->
<testsuite hostname="DESKTOP-BNIOE7C" failures="0" tests="3" name="projectAutomationFramework.StandardAloneTest" time="36.581" errors="0" timestamp="2024-03-25T01:21:04 IST" skipped="0">
  <testcase classname="projectAutomationFramework.StandardAloneTest" name="SelectCheckbox" time="12.450"/>
  <system-out/>
  <testcase classname="projectAutomationFramework.StandardAloneTest" name="SubmitOrder" time="15.852"/>
  <system-out/>
  <testcase classname="projectAutomationFramework.StandardAloneTest" name="OrderHistoryTest" time="8.279"/>
  <system-out/>
</testsuite> <!-- projectAutomationFramework.StandardAloneTest -->
