<?xml version="1.0" encoding="UTF-8"?>
<!-- Generated by org.testng.reporters.JUnitReportReporter -->
<testsuite hostname="DESKTOP-BNIOE7C" failures="0" tests="1" name="javaStreamsPrograms.CountTheNumberofNamesStartingwithA" time="0.014" errors="0" timestamp="2024-02-11T17:17:16 IST" skipped="0">
  <testcase classname="javaStreamsPrograms.CountTheNumberofNamesStartingwithA" name="StreamFilter" time="0.014"/>
  <system-out/>
</testsuite> <!-- javaStreamsPrograms.CountTheNumberofNamesStartingwithA -->
