<?xml version="1.0" encoding="UTF-8"?>
<!-- Generated by org.testng.reporters.JUnitReportReporter -->
<testsuite hostname="DESKTOP-BNIOE7C" failures="0" tests="2" name="oops_Concepts.InheritanceExample_ChildClass" time="0.015" errors="0" timestamp="2024-04-16T12:23:44 IST" skipped="0">
  <testcase classname="oops_Concepts.InheritanceExample_ChildClass" name="TestRun" time="0.008"/>
  <system-out/>
  <testcase classname="oops_Concepts.InheritanceExample_ChildClass" name="DoThis" time="0.007"/>
  <system-out/>
</testsuite> <!-- oops_Concepts.InheritanceExample_ChildClass -->
