<?xml version="1.0" encoding="UTF-8"?>
<!-- Generated by org.testng.reporters.JUnitReportReporter -->
<testsuite hostname="DESKTOP-BNIOE7C" failures="0" tests="2" name="testNGTutorials.SimpleTest" time="0.007" errors="0" timestamp="2024-03-01T14:27:50 IST" skipped="0">
  <testcase classname="testNGTutorials.SimpleTest" name="test1" time="0.002"/>
  <system-out/>
  <testcase classname="testNGTutorials.SimpleTest" name="Demo" time="0.005"/>
  <system-out/>
</testsuite> <!-- testNGTutorials.SimpleTest -->
